<?xml version="1.0" encoding="UTF-8"?>
<testsuite xmlns:xsi="http://www.w3.org/2001/XMLSchema-instance" xsi:noNamespaceSchemaLocation="https://maven.apache.org/surefire/maven-surefire-plugin/xsd/surefire-test-report.xsd" version="3.0.2" name="br.com.fiap.checkpoint1.Checkpoint1ApplicationTests" time="2.924" tests="1" errors="0" skipped="0" failures="0">
  <properties>
[...]
</properties>
  <testcase name="contextLoads" classname="br.com.fiap.checkpoint1.Checkpoint1ApplicationTests" time="0.702">
    <system-out><![CDATA[19:53:52.329 [main] INFO org.springframework.test.context.support.AnnotationConfigContextLoaderUtils -- Could not detect default configuration classes for test class [br.com.fiap.checkpoint1.Checkpoint1ApplicationTests]: Checkpoint1ApplicationTests does not declare any static, non-private, non-final, nested classes annotated with @Configuration.
19:53:52.434 [main] INFO org.springframework.boot.test.context.SpringBootTestContextBootstrapper -- Found @SpringBootConfiguration br.com.fiap.checkpoint1.Checkpoint1Application for test class br.com.fiap.checkpoint1.Checkpoint1ApplicationTests
19:53:52.578 [main] INFO org.springframework.boot.devtools.restart.RestartApplicationListener -- Restart disabled due to context in which it is running

  .   ____          _            __ _ _
 /\\ / ___'_ __ _ _(_)_ __  __ _ \ \ \ \
( ( )\___ | '_ | '_| | '_ \/ _` | \ \ \ \
 \\/  ___)| |_)| | | | | || (_| |  ) ) ) )
  '  |____| .__|_| |_|_| |_\__, | / / / /
 =========|_|==============|___/=/_/_/_/

 :: Spring Boot ::                (v3.4.3)

2025-04-02T19:53:52.855-03:00  INFO 13384 --- [checkpoint1] [           main] b.c.f.c.Checkpoint1ApplicationTests      : Starting Checkpoint1ApplicationTests using Java 23.0.1 with PID 13384 (started by PICHAU in C:\Users\PICHAU\Desktop\checkpoint1-main)
2025-04-02T19:53:52.858-03:00  INFO 13384 --- [checkpoint1] [           main] b.c.f.c.Checkpoint1ApplicationTests      : No active profile set, falling back to 1 default profile: "default"
2025-04-02T19:53:54.045-03:00  INFO 13384 --- [checkpoint1] [           main] o.s.v.b.OptionalValidatorFactoryBean     : Failed to set up a Bean Validation provider: jakarta.validation.NoProviderFoundException: Unable to create a Configuration, because no Jakarta Bean Validation provider could be found. Add a provider like Hibernate Validator (RI) to your classpath.
2025-04-02T19:53:54.379-03:00  INFO 13384 --- [checkpoint1] [           main] b.c.f.c.Checkpoint1ApplicationTests      : Started Checkpoint1ApplicationTests in 1.812 seconds (process running for 2.876)
]]></system-out>
    <system-err><![CDATA[Mockito is currently self-attaching to enable the inline-mock-maker. This will no longer work in future releases of the JDK. Please add Mockito as an agent to your build what is described in Mockito's documentation: https://javadoc.io/doc/org.mockito/mockito-core/latest/org/mockito/Mockito.html#0.3
WARNING: A Java agent has been loaded dynamically (C:\Users\PICHAU\.m2\repository\net\bytebuddy\byte-buddy-agent\1.15.11\byte-buddy-agent-1.15.11.jar)
WARNING: If a serviceability tool is in use, please run with -XX:+EnableDynamicAgentLoading to hide this warning
WARNING: If a serviceability tool is not in use, please run with -Djdk.instrument.traceUsage for more information
WARNING: Dynamic loading of agents will be disallowed by default in a future release
]]></system-err>
  </testcase>
</testsuite>